Using pre-set license
Built from '2022.3/staging' branch; Version is '2022.3.14f1 (eff2de9070d8) revision 15725278'; Using compiler version '192829333'; Build Type 'Release'
OS: 'Windows 11  (10.0.22631) 64bit Professional' Language: 'uk' Physical Memory: 32049 MB
BatchMode: 1, IsHumanControllingUs: 0, StartBugReporterOnCrash: 0, Is64bit: 1, IsPro: 1

COMMAND LINE ARGUMENTS:
C:\Program Files\Unity\Hub\Editor\2022.3.14f1\Editor\Unity.exe
-adb2
-batchMode
-noUpm
-name
AssetImportWorker2
-projectPath
C:/Users/astor/SharkyShark
-logFile
Logs/AssetImportWorker2.log
-srvPort
63471
Successfully changed project path to: C:/Users/astor/SharkyShark
C:/Users/astor/SharkyShark
[UnityMemory] Configuration Parameters - Can be set up in boot.config
    "memorysetup-bucket-allocator-granularity=16"
    "memorysetup-bucket-allocator-bucket-count=8"
    "memorysetup-bucket-allocator-block-size=33554432"
    "memorysetup-bucket-allocator-block-count=8"
    "memorysetup-main-allocator-block-size=16777216"
    "memorysetup-thread-allocator-block-size=16777216"
    "memorysetup-gfx-main-allocator-block-size=16777216"
    "memorysetup-gfx-thread-allocator-block-size=16777216"
    "memorysetup-cache-allocator-block-size=4194304"
    "memorysetup-typetree-allocator-block-size=2097152"
    "memorysetup-profiler-bucket-allocator-granularity=16"
    "memorysetup-profiler-bucket-allocator-bucket-count=8"
    "memorysetup-profiler-bucket-allocator-block-size=33554432"
    "memorysetup-profiler-bucket-allocator-block-count=8"
    "memorysetup-profiler-allocator-block-size=16777216"
    "memorysetup-profiler-editor-allocator-block-size=1048576"
    "memorysetup-temp-allocator-size-main=16777216"
    "memorysetup-job-temp-allocator-block-size=2097152"
    "memorysetup-job-temp-allocator-block-size-background=1048576"
    "memorysetup-job-temp-allocator-reduction-small-platforms=262144"
    "memorysetup-allocator-temp-initial-block-size-main=262144"
    "memorysetup-allocator-temp-initial-block-size-worker=262144"
    "memorysetup-temp-allocator-size-background-worker=32768"
    "memorysetup-temp-allocator-size-job-worker=262144"
    "memorysetup-temp-allocator-size-preload-manager=33554432"
    "memorysetup-temp-allocator-size-nav-mesh-worker=65536"
    "memorysetup-temp-allocator-size-audio-worker=65536"
    "memorysetup-temp-allocator-size-cloud-worker=32768"
    "memorysetup-temp-allocator-size-gi-baking-worker=262144"
    "memorysetup-temp-allocator-size-gfx=262144"
Player connection [34808] Host "[IP] 192.168.0.100 [Port] 0 [Flags] 2 [Guid] 520908665 [EditorId] 520908665 [Version] 1048832 [Id] WindowsEditor(7,AStorroPyacolla) [Debug] 1 [PackageName] WindowsEditor [ProjectName] Editor" joined multi-casting on [225.0.0.222:54997]...

Player connection [34808] Host "[IP] 192.168.0.100 [Port] 0 [Flags] 2 [Guid] 520908665 [EditorId] 520908665 [Version] 1048832 [Id] WindowsEditor(7,AStorroPyacolla) [Debug] 1 [PackageName] WindowsEditor [ProjectName] Editor" joined alternative multi-casting on [225.0.0.222:34997]...

[Physics::Module] Initialized MultithreadedJobDispatcher with 11 workers.
Refreshing native plugins compatible for Editor in 1860.23 ms, found 3 plugins.
Preloading 0 native plugins for Editor in 0.00 ms.
Initialize engine version: 2022.3.14f1 (eff2de9070d8)
[Subsystems] Discovering subsystems at path C:/Program Files/Unity/Hub/Editor/2022.3.14f1/Editor/Data/Resources/UnitySubsystems
[Subsystems] Discovering subsystems at path C:/Users/astor/SharkyShark/Assets
GfxDevice: creating device client; threaded=0; jobified=0
Direct3D:
    Version:  Direct3D 11.0 [level 11.1]
    Renderer: NVIDIA GeForce GTX 1650 (ID=0x1f82)
    Vendor:   NVIDIA
    VRAM:     3937 MB
    Driver:   32.0.15.7602
Initialize mono
Mono path[0] = 'C:/Program Files/Unity/Hub/Editor/2022.3.14f1/Editor/Data/Managed'
Mono path[1] = 'C:/Program Files/Unity/Hub/Editor/2022.3.14f1/Editor/Data/MonoBleedingEdge/lib/mono/unityjit-win32'
Mono config path = 'C:/Program Files/Unity/Hub/Editor/2022.3.14f1/Editor/Data/MonoBleedingEdge/etc'
Using monoOptions --debugger-agent=transport=dt_socket,embedding=1,server=y,suspend=n,address=127.0.0.1:56612
Begin MonoManager ReloadAssembly
Registering precompiled unity dll's ...
Register platform support module: C:/Program Files/Unity/Hub/Editor/2022.3.14f1/Editor/Data/PlaybackEngines/WebGLSupport/UnityEditor.WebGL.Extensions.dll
Register platform support module: C:/Program Files/Unity/Hub/Editor/2022.3.14f1/Editor/Data/PlaybackEngines/WindowsStandaloneSupport/UnityEditor.WindowsStandalone.Extensions.dll
Registered in 0.266074 seconds.
- Loaded All Assemblies, in  7.631 seconds
Native extension for WindowsStandalone target not found
Native extension for WebGL target not found
Mono: successfully reloaded assembly
- Finished resetting the current domain, in  0.257 seconds
Domain Reload Profiling: 7886ms
	BeginReloadAssembly (5668ms)
		ExecutionOrderSort (0ms)
		DisableScriptedObjects (0ms)
		BackupInstance (0ms)
		ReleaseScriptingObjects (0ms)
		CreateAndSetChildDomain (1ms)
	RebuildCommonClasses (509ms)
	RebuildNativeTypeToScriptingClass (9ms)
	initialDomainReloadingComplete (318ms)
	LoadAllAssembliesAndSetupDomain (1125ms)
		LoadAssemblies (5666ms)
		RebuildTransferFunctionScriptingTraits (0ms)
		AnalyzeDomain (1122ms)
			TypeCache.Refresh (1121ms)
				TypeCache.ScanAssembly (857ms)
			ScanForSourceGeneratedMonoScriptInfo (0ms)
			ResolveRequiredComponents (0ms)
	FinalizeReload (257ms)
		ReleaseScriptCaches (0ms)
		RebuildScriptCaches (0ms)
		SetupLoadedEditorAssemblies (203ms)
			LogAssemblyErrors (0ms)
			InitializePlatformSupportModulesInManaged (10ms)
			SetLoadedEditorAssemblies (4ms)
			RefreshPlugins (0ms)
			BeforeProcessingInitializeOnLoad (2ms)
			ProcessInitializeOnLoadAttributes (123ms)
			ProcessInitializeOnLoadMethodAttributes (63ms)
			AfterProcessingInitializeOnLoad (0ms)
			EditorAssembliesLoaded (0ms)
		ExecutionOrderSort2 (0ms)
		AwakeInstancesAfterBackupRestoration (0ms)
========================================================================
Worker process is ready to serve import requests
Begin MonoManager ReloadAssembly
- Loaded All Assemblies, in  5.160 seconds
Refreshing native plugins compatible for Editor in 3.71 ms, found 3 plugins.
Native extension for WindowsStandalone target not found
Native extension for WebGL target not found
Mono: successfully reloaded assembly
- Finished resetting the current domain, in  0.530 seconds
Domain Reload Profiling: 5687ms
	BeginReloadAssembly (131ms)
		ExecutionOrderSort (0ms)
		DisableScriptedObjects (6ms)
		BackupInstance (0ms)
		ReleaseScriptingObjects (0ms)
		CreateAndSetChildDomain (20ms)
	RebuildCommonClasses (29ms)
	RebuildNativeTypeToScriptingClass (8ms)
	initialDomainReloadingComplete (41ms)
	LoadAllAssembliesAndSetupDomain (4948ms)
		LoadAssemblies (4525ms)
		RebuildTransferFunctionScriptingTraits (0ms)
		AnalyzeDomain (497ms)
			TypeCache.Refresh (479ms)
				TypeCache.ScanAssembly (415ms)
			ScanForSourceGeneratedMonoScriptInfo (15ms)
			ResolveRequiredComponents (3ms)
	FinalizeReload (531ms)
		ReleaseScriptCaches (0ms)
		RebuildScriptCaches (0ms)
		SetupLoadedEditorAssemblies (397ms)
			LogAssemblyErrors (0ms)
			InitializePlatformSupportModulesInManaged (7ms)
			SetLoadedEditorAssemblies (4ms)
			RefreshPlugins (0ms)
			BeforeProcessingInitializeOnLoad (57ms)
			ProcessInitializeOnLoadAttributes (301ms)
			ProcessInitializeOnLoadMethodAttributes (21ms)
			AfterProcessingInitializeOnLoad (7ms)
			EditorAssembliesLoaded (0ms)
		ExecutionOrderSort2 (0ms)
		AwakeInstancesAfterBackupRestoration (8ms)
Launched and connected shader compiler UnityShaderCompiler.exe after 0.09 seconds
Refreshing native plugins compatible for Editor in 3.23 ms, found 3 plugins.
Preloading 0 native plugins for Editor in 0.00 ms.
Unloading 3132 Unused Serialized files (Serialized files now loaded: 0)
Unloading 33 unused Assets / (57.2 KB). Loaded Objects now: 3611.
Memory consumption went from 132.7 MB to 132.6 MB.
Total: 2.516500 ms (FindLiveObjects: 0.233900 ms CreateObjectMapping: 0.076800 ms MarkObjects: 2.106700 ms  DeleteObjects: 0.097600 ms)

AssetImportParameters requested are different than current active one (requested -> active):
  custom:container-demuxer-ogg: 62fdf1f143b41e24485cea50d1cbac27 -> 
  custom:video-codec-MediaFoundation-h265: 746d11721c4dcdbdad8f713fa42b33f4 -> 
  custom:video-decoder-ogg-theora: a1e56fd34408186e4bbccfd4996cb3dc -> 
  custom:framework-win-MediaFoundation: 216162199b28c13a410421893ffa2e32 -> 
  custom:CustomObjectIndexerAttribute: 756ad292c208cfabdd7b50bc23989ffe -> 
  custom:container-demuxer-webm: 4f35f7cbe854078d1ac9338744f61a02 -> 
  custom:container-muxer-webm: aa71ff27fc2769a1b78a27578f13a17b -> 
  custom:video-decoder-webm-vp8: 9c59270c3fd7afecdb556c50c9e8de78 -> 
  custom:SearchIndexIgnoredProperties: e643bd26f0fe6173181afceb89e7c659 -> 
  custom:AudioImporter_EditorPlatform: d09bf68614088b80899f8185d706f6e7 -> 
  custom:video-encoder-webm-vp8: eb34c28f22e8b96e1ab97ce403110664 -> 
  custom:audio-decoder-ogg-vorbis: bf7c407c2cedff20999df2af8eb42d56 -> 
  custom:audio-encoder-webm-vorbis: bf7c407c2cedff20999df2af8eb42d56 -> 
========================================================================
Received Import Request.
  Time since last request: 359405.774689 seconds.
  path: Assets/Models/Materials
  artifactKey: Guid(e5646eb5096f928448c19df1a255b0cc) Importer(815301076,1909f56bfc062723c751e8b465ee728b)
Start importing Assets/Models/Materials using Guid(e5646eb5096f928448c19df1a255b0cc) Importer(815301076,1909f56bfc062723c751e8b465ee728b)  -> (artifact id: 'd2ff5af7a688b8604e0069d0cc5cd3c7') in 0.002558 seconds
Number of updated asset objects reloaded before import = 0
Number of asset objects unloaded after import = 0
========================================================================
Received Import Request.
  Time since last request: 5.864774 seconds.
  path: Assets/Models/VERTOLET(2).fbx
  artifactKey: Guid(fbb8d3d17480ab941bd9bc7ab47cdc38) Importer(815301076,1909f56bfc062723c751e8b465ee728b)
Start importing Assets/Models/VERTOLET(2).fbx using Guid(fbb8d3d17480ab941bd9bc7ab47cdc38) Importer(815301076,1909f56bfc062723c751e8b465ee728b)  -> (artifact id: '9020f468a4d37ce18812031733e8be8e') in 0.181882 seconds
Number of updated asset objects reloaded before import = 0
Number of asset objects unloaded after import = 7
========================================================================
Received Import Request.
  Time since last request: 29.014340 seconds.
  path: Assets/Models/VERTOLET(2).fbx
  artifactKey: Guid(fbb8d3d17480ab941bd9bc7ab47cdc38) Importer(815301076,1909f56bfc062723c751e8b465ee728b)
Start importing Assets/Models/VERTOLET(2).fbx using Guid(fbb8d3d17480ab941bd9bc7ab47cdc38) Importer(815301076,1909f56bfc062723c751e8b465ee728b)  -> (artifact id: '86c56de36dab78c24f880bc8ab793acd') in 0.043785 seconds
Number of updated asset objects reloaded before import = 0
Number of asset objects unloaded after import = 12
========================================================================
Received Import Request.
  Time since last request: 24.924711 seconds.
  path: Assets/Models/VERTOLET(2).fbx
  artifactKey: Guid(fbb8d3d17480ab941bd9bc7ab47cdc38) Importer(815301076,1909f56bfc062723c751e8b465ee728b)
Start importing Assets/Models/VERTOLET(2).fbx using Guid(fbb8d3d17480ab941bd9bc7ab47cdc38) Importer(815301076,1909f56bfc062723c751e8b465ee728b)  -> (artifact id: '3b593ff803d88e3e9f60e5b368ba8c12') in 0.019903 seconds
Number of updated asset objects reloaded before import = 0
Number of asset objects unloaded after import = 12
========================================================================
Received Import Request.
  Time since last request: 164.005334 seconds.
  path: Assets/Models/VERTOLET(2).fbx
  artifactKey: Guid(fbb8d3d17480ab941bd9bc7ab47cdc38) Importer(815301076,1909f56bfc062723c751e8b465ee728b)
Start importing Assets/Models/VERTOLET(2).fbx using Guid(fbb8d3d17480ab941bd9bc7ab47cdc38) Importer(815301076,1909f56bfc062723c751e8b465ee728b)  -> (artifact id: '63c9fd4d2f948051946f2037a3da5f91') in 0.019410 seconds
Number of updated asset objects reloaded before import = 0
Number of asset objects unloaded after import = 12
========================================================================
Received Import Request.
  Time since last request: 3.939145 seconds.
  path: Assets/Models/VERTOLET(2).fbx
  artifactKey: Guid(fbb8d3d17480ab941bd9bc7ab47cdc38) Importer(815301076,1909f56bfc062723c751e8b465ee728b)
Start importing Assets/Models/VERTOLET(2).fbx using Guid(fbb8d3d17480ab941bd9bc7ab47cdc38) Importer(815301076,1909f56bfc062723c751e8b465ee728b)  -> (artifact id: 'd2ccdc774ecdd91f0ad74d2ddd68d02a') in 0.026026 seconds
Number of updated asset objects reloaded before import = 0
Number of asset objects unloaded after import = 12
========================================================================
Received Import Request.
  Time since last request: 6.173260 seconds.
  path: Assets/Models/VERTOLET(2).fbx
  artifactKey: Guid(fbb8d3d17480ab941bd9bc7ab47cdc38) Importer(815301076,1909f56bfc062723c751e8b465ee728b)
Start importing Assets/Models/VERTOLET(2).fbx using Guid(fbb8d3d17480ab941bd9bc7ab47cdc38) Importer(815301076,1909f56bfc062723c751e8b465ee728b)  -> (artifact id: 'fe6716c5b6fe99e7236fc10772b777b5') in 0.036376 seconds
Number of updated asset objects reloaded before import = 0
Number of asset objects unloaded after import = 12
========================================================================
Received Import Request.
  Time since last request: 7.464230 seconds.
  path: Assets/Models/VERTOLET(2).fbx
  artifactKey: Guid(fbb8d3d17480ab941bd9bc7ab47cdc38) Importer(815301076,1909f56bfc062723c751e8b465ee728b)
Start importing Assets/Models/VERTOLET(2).fbx using Guid(fbb8d3d17480ab941bd9bc7ab47cdc38) Importer(815301076,1909f56bfc062723c751e8b465ee728b)  -> (artifact id: 'e4cfa6596df7faed9c9f956e612f7425') in 0.025522 seconds
Number of updated asset objects reloaded before import = 0
Number of asset objects unloaded after import = 12
========================================================================
Received Import Request.
  Time since last request: 115.019810 seconds.
  path: Assets/Models/VERTOLET(2).fbx
  artifactKey: Guid(fbb8d3d17480ab941bd9bc7ab47cdc38) Importer(815301076,1909f56bfc062723c751e8b465ee728b)
Start importing Assets/Models/VERTOLET(2).fbx using Guid(fbb8d3d17480ab941bd9bc7ab47cdc38) Importer(815301076,1909f56bfc062723c751e8b465ee728b)  -> (artifact id: '4599146205d0f0e41d91c110b12f25a0') in 0.018829 seconds
Number of updated asset objects reloaded before import = 0
Number of asset objects unloaded after import = 12
========================================================================
Received Import Request.
  Time since last request: 401.662404 seconds.
  path: Assets/Models/VERTOLET 1.fbx
  artifactKey: Guid(9cccb35922ba1834ba220c768e4f5f2e) Importer(815301076,1909f56bfc062723c751e8b465ee728b)
Start importing Assets/Models/VERTOLET 1.fbx using Guid(9cccb35922ba1834ba220c768e4f5f2e) Importer(815301076,1909f56bfc062723c751e8b465ee728b)  -> (artifact id: 'bfa10091ef8179fa036e14dee048a5ec') in 0.100488 seconds
Number of updated asset objects reloaded before import = 0
Number of asset objects unloaded after import = 12
========================================================================
Received Import Request.
  Time since last request: 28.127972 seconds.
  path: Assets/Models/VERTOLET 1.fbx
  artifactKey: Guid(9cccb35922ba1834ba220c768e4f5f2e) Importer(815301076,1909f56bfc062723c751e8b465ee728b)
Start importing Assets/Models/VERTOLET 1.fbx using Guid(9cccb35922ba1834ba220c768e4f5f2e) Importer(815301076,1909f56bfc062723c751e8b465ee728b)  -> (artifact id: 'c2ae694f78c9ec1273d8a11cdb4acd33') in 0.072015 seconds
Number of updated asset objects reloaded before import = 0
Number of asset objects unloaded after import = 12
========================================================================
Received Import Request.
  Time since last request: 60.932657 seconds.
  path: Assets/Models/VERTOLET 1.fbx
  artifactKey: Guid(9cccb35922ba1834ba220c768e4f5f2e) Importer(815301076,1909f56bfc062723c751e8b465ee728b)
Start importing Assets/Models/VERTOLET 1.fbx using Guid(9cccb35922ba1834ba220c768e4f5f2e) Importer(815301076,1909f56bfc062723c751e8b465ee728b)  -> (artifact id: '7bddcb5173444c1cccfec1319b2069e6') in 0.078097 seconds
Number of updated asset objects reloaded before import = 0
Number of asset objects unloaded after import = 12
========================================================================
Received Import Request.
  Time since last request: 29.984743 seconds.
  path: Assets/Models/VERTOLET 1.fbx
  artifactKey: Guid(9cccb35922ba1834ba220c768e4f5f2e) Importer(815301076,1909f56bfc062723c751e8b465ee728b)
Start importing Assets/Models/VERTOLET 1.fbx using Guid(9cccb35922ba1834ba220c768e4f5f2e) Importer(815301076,1909f56bfc062723c751e8b465ee728b)  -> (artifact id: 'a69e3cad4d0b0effbaf4806e2a4848e7') in 0.086220 seconds
Number of updated asset objects reloaded before import = 0
Number of asset objects unloaded after import = 12
========================================================================
Received Import Request.
  Time since last request: 29.863555 seconds.
  path: Assets/Models/VERTOLET 1.fbx
  artifactKey: Guid(9cccb35922ba1834ba220c768e4f5f2e) Importer(815301076,1909f56bfc062723c751e8b465ee728b)
Start importing Assets/Models/VERTOLET 1.fbx using Guid(9cccb35922ba1834ba220c768e4f5f2e) Importer(815301076,1909f56bfc062723c751e8b465ee728b)  -> (artifact id: '505b81c14380db8d96f8cb6de2d013d2') in 0.070789 seconds
Number of updated asset objects reloaded before import = 0
Number of asset objects unloaded after import = 12
========================================================================
Received Import Request.
  Time since last request: 11.784717 seconds.
  path: Assets/Models/VERTOLET 1.fbx
  artifactKey: Guid(9cccb35922ba1834ba220c768e4f5f2e) Importer(815301076,1909f56bfc062723c751e8b465ee728b)
Start importing Assets/Models/VERTOLET 1.fbx using Guid(9cccb35922ba1834ba220c768e4f5f2e) Importer(815301076,1909f56bfc062723c751e8b465ee728b)  -> (artifact id: 'dfabac6c6b3d96ea523aaa3d6c7c3323') in 0.063799 seconds
Number of updated asset objects reloaded before import = 0
Number of asset objects unloaded after import = 12
========================================================================
Received Import Request.
  Time since last request: 232.778859 seconds.
  path: Assets/Models/raketa (1).fbx
  artifactKey: Guid(48306e27f3e9d0449b7602fda3c55aa5) Importer(815301076,1909f56bfc062723c751e8b465ee728b)
Start importing Assets/Models/raketa (1).fbx using Guid(48306e27f3e9d0449b7602fda3c55aa5) Importer(815301076,1909f56bfc062723c751e8b465ee728b)  -> (artifact id: 'e386c5e60c9717207dbddbbc3cbbfc89') in 0.046622 seconds
Number of updated asset objects reloaded before import = 0
Number of asset objects unloaded after import = 12
========================================================================
Received Import Request.
  Time since last request: 20.920558 seconds.
  path: Assets/Models/raketa (1).fbx
  artifactKey: Guid(48306e27f3e9d0449b7602fda3c55aa5) Importer(815301076,1909f56bfc062723c751e8b465ee728b)
Start importing Assets/Models/raketa (1).fbx using Guid(48306e27f3e9d0449b7602fda3c55aa5) Importer(815301076,1909f56bfc062723c751e8b465ee728b)  -> (artifact id: 'c5493184c7225cdabbd45a70fb3f2145') in 0.042896 seconds
Number of updated asset objects reloaded before import = 0
Number of asset objects unloaded after import = 12
========================================================================
Received Import Request.
  Time since last request: 16.337731 seconds.
  path: Assets/Models/raketa (1).fbx
  artifactKey: Guid(48306e27f3e9d0449b7602fda3c55aa5) Importer(815301076,1909f56bfc062723c751e8b465ee728b)
Start importing Assets/Models/raketa (1).fbx using Guid(48306e27f3e9d0449b7602fda3c55aa5) Importer(815301076,1909f56bfc062723c751e8b465ee728b)  -> (artifact id: '6b96d423cf664928f1fa70243de14236') in 0.038757 seconds
Number of updated asset objects reloaded before import = 0
Number of asset objects unloaded after import = 12
========================================================================
Received Prepare
Begin MonoManager ReloadAssembly
- Loaded All Assemblies, in  0.441 seconds
Refreshing native plugins compatible for Editor in 4.25 ms, found 3 plugins.
Native extension for WindowsStandalone target not found
Native extension for WebGL target not found
Mono: successfully reloaded assembly
- Finished resetting the current domain, in  1.052 seconds
Domain Reload Profiling: 1491ms
	BeginReloadAssembly (175ms)
		ExecutionOrderSort (0ms)
		DisableScriptedObjects (5ms)
		BackupInstance (0ms)
		ReleaseScriptingObjects (0ms)
		CreateAndSetChildDomain (43ms)
	RebuildCommonClasses (35ms)
	RebuildNativeTypeToScriptingClass (10ms)
	initialDomainReloadingComplete (32ms)
	LoadAllAssembliesAndSetupDomain (185ms)
		LoadAssemblies (266ms)
		RebuildTransferFunctionScriptingTraits (0ms)
		AnalyzeDomain (12ms)
			TypeCache.Refresh (5ms)
				TypeCache.ScanAssembly (0ms)
			ScanForSourceGeneratedMonoScriptInfo (0ms)
			ResolveRequiredComponents (5ms)
	FinalizeReload (1053ms)
		ReleaseScriptCaches (0ms)
		RebuildScriptCaches (0ms)
		SetupLoadedEditorAssemblies (424ms)
			LogAssemblyErrors (0ms)
			InitializePlatformSupportModulesInManaged (9ms)
			SetLoadedEditorAssemblies (3ms)
			RefreshPlugins (0ms)
			BeforeProcessingInitializeOnLoad (72ms)
			ProcessInitializeOnLoadAttributes (306ms)
			ProcessInitializeOnLoadMethodAttributes (26ms)
			AfterProcessingInitializeOnLoad (8ms)
			EditorAssembliesLoaded (0ms)
		ExecutionOrderSort2 (0ms)
		AwakeInstancesAfterBackupRestoration (10ms)
Refreshing native plugins compatible for Editor in 8.48 ms, found 3 plugins.
Preloading 0 native plugins for Editor in 0.00 ms.
Unloading 3124 Unused Serialized files (Serialized files now loaded: 0)
Unloading 24 unused Assets / (31.1 KB). Loaded Objects now: 3658.
Memory consumption went from 138.3 MB to 138.3 MB.
Total: 11.592700 ms (FindLiveObjects: 0.643200 ms CreateObjectMapping: 0.263100 ms MarkObjects: 10.610900 ms  DeleteObjects: 0.071700 ms)

Prepare: number of updated asset objects reloaded= 0
AssetImportParameters requested are different than current active one (requested -> active):
  custom:container-demuxer-ogg: 62fdf1f143b41e24485cea50d1cbac27 -> 
  custom:video-codec-MediaFoundation-h265: 746d11721c4dcdbdad8f713fa42b33f4 -> 
  custom:video-decoder-ogg-theora: a1e56fd34408186e4bbccfd4996cb3dc -> 
  custom:framework-win-MediaFoundation: 216162199b28c13a410421893ffa2e32 -> 
  custom:CustomObjectIndexerAttribute: 756ad292c208cfabdd7b50bc23989ffe -> 
  custom:container-demuxer-webm: 4f35f7cbe854078d1ac9338744f61a02 -> 
  custom:container-muxer-webm: aa71ff27fc2769a1b78a27578f13a17b -> 
  custom:video-decoder-webm-vp8: 9c59270c3fd7afecdb556c50c9e8de78 -> 
  custom:SearchIndexIgnoredProperties: e643bd26f0fe6173181afceb89e7c659 -> 
  custom:AudioImporter_EditorPlatform: d09bf68614088b80899f8185d706f6e7 -> 
  custom:video-encoder-webm-vp8: eb34c28f22e8b96e1ab97ce403110664 -> 
  custom:audio-decoder-ogg-vorbis: bf7c407c2cedff20999df2af8eb42d56 -> 
  custom:audio-encoder-webm-vorbis: bf7c407c2cedff20999df2af8eb42d56 -> 
========================================================================
Received Import Request.
  Time since last request: 338.036960 seconds.
  path: Assets/Models/Materials/New Material.mat
  artifactKey: Guid(752af157b0ed52540986fe55f8997371) Importer(815301076,1909f56bfc062723c751e8b465ee728b)
Start importing Assets/Models/Materials/New Material.mat using Guid(752af157b0ed52540986fe55f8997371) Importer(815301076,1909f56bfc062723c751e8b465ee728b)  -> (artifact id: '71778c36e12ba74bf3ea42c98f40acc1') in 0.097450 seconds
Number of updated asset objects reloaded before import = 0
Number of asset objects unloaded after import = 1
========================================================================
Received Import Request.
  Time since last request: 616.649260 seconds.
  path: Assets/Models/Materials/rocky_terrain_02_diff_4k.jpg
  artifactKey: Guid(c81ed0ea60c014f4fb26a616aa74a5a3) Importer(815301076,1909f56bfc062723c751e8b465ee728b)
Start importing Assets/Models/Materials/rocky_terrain_02_diff_4k.jpg using Guid(c81ed0ea60c014f4fb26a616aa74a5a3) Importer(815301076,1909f56bfc062723c751e8b465ee728b)  -> (artifact id: '35594efb6cf24d1ba1483e5368847d32') in 0.053307 seconds
Number of updated asset objects reloaded before import = 0
Number of asset objects unloaded after import = 2
========================================================================
Received Import Request.
  Time since last request: 0.000019 seconds.
  path: Assets/Models/Materials/rocky_terrain_02_spec_4k.png
  artifactKey: Guid(b717540f150f3264fa2c7ffe6b295572) Importer(815301076,1909f56bfc062723c751e8b465ee728b)
Start importing Assets/Models/Materials/rocky_terrain_02_spec_4k.png using Guid(b717540f150f3264fa2c7ffe6b295572) Importer(815301076,1909f56bfc062723c751e8b465ee728b)  -> (artifact id: 'e884f0ad0c5277100cda431a76a0c90d') in 0.029501 seconds
Number of updated asset objects reloaded before import = 0
Number of asset objects unloaded after import = 2
========================================================================
Received Import Request.
  Time since last request: 0.000018 seconds.
  path: Assets/Models/Materials/rocky_terrain_02_nor_gl_4k.exr
  artifactKey: Guid(0598e80a2570f20488cff4591d5e65d6) Importer(815301076,1909f56bfc062723c751e8b465ee728b)
Start importing Assets/Models/Materials/rocky_terrain_02_nor_gl_4k.exr using Guid(0598e80a2570f20488cff4591d5e65d6) Importer(815301076,1909f56bfc062723c751e8b465ee728b)  -> (artifact id: 'a38d4636bd9e5f102186c7f2a812c757') in 0.029276 seconds
Number of updated asset objects reloaded before import = 0
Number of asset objects unloaded after import = 2
========================================================================
Received Import Request.
  Time since last request: 0.000015 seconds.
  path: Assets/Models/Materials/rocky_terrain_02_rough_4k.exr
  artifactKey: Guid(3dad7a3530445594a9f170ed6e5dc590) Importer(815301076,1909f56bfc062723c751e8b465ee728b)
Start importing Assets/Models/Materials/rocky_terrain_02_rough_4k.exr using Guid(3dad7a3530445594a9f170ed6e5dc590) Importer(815301076,1909f56bfc062723c751e8b465ee728b)  -> (artifact id: 'af791ae194cb6924aeb60f564fbc79ec') in 0.021864 seconds
Number of updated asset objects reloaded before import = 0
Number of asset objects unloaded after import = 2
========================================================================
Received Import Request.
  Time since last request: 219.838663 seconds.
  path: Assets/Models/Materials/aerial_rocks_01_diff_4k.jpg
  artifactKey: Guid(ece75e96f77a1c849bf1e89db4572d3e) Importer(815301076,1909f56bfc062723c751e8b465ee728b)
Start importing Assets/Models/Materials/aerial_rocks_01_diff_4k.jpg using Guid(ece75e96f77a1c849bf1e89db4572d3e) Importer(815301076,1909f56bfc062723c751e8b465ee728b)  -> (artifact id: 'b0affc8b9d82b2d664acb6b9a66a9d24') in 0.031764 seconds
Number of updated asset objects reloaded before import = 0
Number of asset objects unloaded after import = 2
========================================================================
Received Import Request.
  Time since last request: 0.000018 seconds.
  path: Assets/Models/Materials/aerial_rocks_01_nor_gl_4k.exr
  artifactKey: Guid(57b5d174aea96c1479f1d3689300f77a) Importer(815301076,1909f56bfc062723c751e8b465ee728b)
Start importing Assets/Models/Materials/aerial_rocks_01_nor_gl_4k.exr using Guid(57b5d174aea96c1479f1d3689300f77a) Importer(815301076,1909f56bfc062723c751e8b465ee728b)  -> (artifact id: 'bd6707f6763c91505d853d4b8072865b') in 0.025524 seconds
Number of updated asset objects reloaded before import = 0
Number of asset objects unloaded after import = 2
========================================================================
Received Import Request.
  Time since last request: 0.000020 seconds.
  path: Assets/Models/Materials/aerial_rocks_01_rough_4k.jpg
  artifactKey: Guid(97422e7443d4de5409c2fa6b8e54bfc0) Importer(815301076,1909f56bfc062723c751e8b465ee728b)
Start importing Assets/Models/Materials/aerial_rocks_01_rough_4k.jpg using Guid(97422e7443d4de5409c2fa6b8e54bfc0) Importer(815301076,1909f56bfc062723c751e8b465ee728b)  -> (artifact id: '9768d6116afa42849a9a9e067169a6fb') in 0.023664 seconds
Number of updated asset objects reloaded before import = 0
Number of asset objects unloaded after import = 2
========================================================================
Received Prepare
Begin MonoManager ReloadAssembly
- Loaded All Assemblies, in  0.443 seconds
Refreshing native plugins compatible for Editor in 4.58 ms, found 3 plugins.
Native extension for WindowsStandalone target not found
Native extension for WebGL target not found
Mono: successfully reloaded assembly
- Finished resetting the current domain, in  1.044 seconds
Domain Reload Profiling: 1485ms
	BeginReloadAssembly (174ms)
		ExecutionOrderSort (0ms)
		DisableScriptedObjects (7ms)
		BackupInstance (0ms)
		ReleaseScriptingObjects (0ms)
		CreateAndSetChildDomain (44ms)
	RebuildCommonClasses (37ms)
	RebuildNativeTypeToScriptingClass (9ms)
	initialDomainReloadingComplete (31ms)
	LoadAllAssembliesAndSetupDomain (188ms)
		LoadAssemblies (270ms)
		RebuildTransferFunctionScriptingTraits (0ms)
		AnalyzeDomain (10ms)
			TypeCache.Refresh (4ms)
				TypeCache.ScanAssembly (0ms)
			ScanForSourceGeneratedMonoScriptInfo (0ms)
			ResolveRequiredComponents (4ms)
	FinalizeReload (1045ms)
		ReleaseScriptCaches (0ms)
		RebuildScriptCaches (0ms)
		SetupLoadedEditorAssemblies (429ms)
			LogAssemblyErrors (0ms)
			InitializePlatformSupportModulesInManaged (10ms)
			SetLoadedEditorAssemblies (3ms)
			RefreshPlugins (0ms)
			BeforeProcessingInitializeOnLoad (69ms)
			ProcessInitializeOnLoadAttributes (314ms)
			ProcessInitializeOnLoadMethodAttributes (25ms)
			AfterProcessingInitializeOnLoad (9ms)
			EditorAssembliesLoaded (0ms)
		ExecutionOrderSort2 (0ms)
		AwakeInstancesAfterBackupRestoration (9ms)
Refreshing native plugins compatible for Editor in 44.81 ms, found 3 plugins.
Preloading 0 native plugins for Editor in 0.00 ms.
Unloading 3124 Unused Serialized files (Serialized files now loaded: 0)
Unloading 24 unused Assets / (31.0 KB). Loaded Objects now: 3662.
Memory consumption went from 140.2 MB to 140.2 MB.
Total: 12.237700 ms (FindLiveObjects: 1.062000 ms CreateObjectMapping: 5.057900 ms MarkObjects: 5.080100 ms  DeleteObjects: 1.035100 ms)

Prepare: number of updated asset objects reloaded= 0
AssetImportParameters requested are different than current active one (requested -> active):
  custom:container-demuxer-ogg: 62fdf1f143b41e24485cea50d1cbac27 -> 
  custom:video-codec-MediaFoundation-h265: 746d11721c4dcdbdad8f713fa42b33f4 -> 
  custom:video-decoder-ogg-theora: a1e56fd34408186e4bbccfd4996cb3dc -> 
  custom:framework-win-MediaFoundation: 216162199b28c13a410421893ffa2e32 -> 
  custom:CustomObjectIndexerAttribute: 756ad292c208cfabdd7b50bc23989ffe -> 
  custom:container-demuxer-webm: 4f35f7cbe854078d1ac9338744f61a02 -> 
  custom:container-muxer-webm: aa71ff27fc2769a1b78a27578f13a17b -> 
  custom:video-decoder-webm-vp8: 9c59270c3fd7afecdb556c50c9e8de78 -> 
  custom:SearchIndexIgnoredProperties: e643bd26f0fe6173181afceb89e7c659 -> 
  custom:AudioImporter_EditorPlatform: d09bf68614088b80899f8185d706f6e7 -> 
  custom:video-encoder-webm-vp8: eb34c28f22e8b96e1ab97ce403110664 -> 
  custom:audio-decoder-ogg-vorbis: bf7c407c2cedff20999df2af8eb42d56 -> 
  custom:audio-encoder-webm-vorbis: bf7c407c2cedff20999df2af8eb42d56 -> 
========================================================================
Received Import Request.
  Time since last request: 571.497734 seconds.
  path: Assets/Models/Materials/river_small_rocks_diff_4k.jpg
  artifactKey: Guid(c95b4452dd9d47e44a50d1aee423fb65) Importer(815301076,1909f56bfc062723c751e8b465ee728b)
Start importing Assets/Models/Materials/river_small_rocks_diff_4k.jpg using Guid(c95b4452dd9d47e44a50d1aee423fb65) Importer(815301076,1909f56bfc062723c751e8b465ee728b)  -> (artifact id: 'c9296e45145abe7b13e985c0b153cee7') in 0.061261 seconds
Number of updated asset objects reloaded before import = 0
Number of asset objects unloaded after import = 2
========================================================================
Received Import Request.
  Time since last request: 0.000021 seconds.
  path: Assets/Models/Materials/river_small_rocks_nor_gl_4k.exr
  artifactKey: Guid(6035666ded9778f48800386a2029ccda) Importer(815301076,1909f56bfc062723c751e8b465ee728b)
Start importing Assets/Models/Materials/river_small_rocks_nor_gl_4k.exr using Guid(6035666ded9778f48800386a2029ccda) Importer(815301076,1909f56bfc062723c751e8b465ee728b)  -> (artifact id: 'ee0aed90e272df6f1e35e69e39156086') in 0.039103 seconds
Number of updated asset objects reloaded before import = 0
Number of asset objects unloaded after import = 2
========================================================================
Received Import Request.
  Time since last request: 388.139402 seconds.
  path: Assets/Models/Materials/aerial_rocks_02_diff_4k.jpg
  artifactKey: Guid(89cbd4b7424215148ae4abb74f77c1ad) Importer(815301076,1909f56bfc062723c751e8b465ee728b)
Start importing Assets/Models/Materials/aerial_rocks_02_diff_4k.jpg using Guid(89cbd4b7424215148ae4abb74f77c1ad) Importer(815301076,1909f56bfc062723c751e8b465ee728b)  -> (artifact id: '07992c6344bdff7206e4abe1316ef05a') in 0.032980 seconds
Number of updated asset objects reloaded before import = 0
Number of asset objects unloaded after import = 2
========================================================================
Received Import Request.
  Time since last request: 0.000022 seconds.
  path: Assets/Models/Materials/aerial_rocks_04_diff_4k.jpg
  artifactKey: Guid(12ab386ab5c17f04b8da360cfaa9a1c4) Importer(815301076,1909f56bfc062723c751e8b465ee728b)
Start importing Assets/Models/Materials/aerial_rocks_04_diff_4k.jpg using Guid(12ab386ab5c17f04b8da360cfaa9a1c4) Importer(815301076,1909f56bfc062723c751e8b465ee728b)  -> (artifact id: 'f160cc07cdfc1ffe9ebbd9d34e63270e') in 0.031199 seconds
Number of updated asset objects reloaded before import = 0
Number of asset objects unloaded after import = 2
========================================================================
Received Import Request.
  Time since last request: 0.000029 seconds.
  path: Assets/Models/Materials/aerial_rocks_04_disp_4k.png
  artifactKey: Guid(474fa890e82177042982c4e87d73f351) Importer(815301076,1909f56bfc062723c751e8b465ee728b)
Start importing Assets/Models/Materials/aerial_rocks_04_disp_4k.png using Guid(474fa890e82177042982c4e87d73f351) Importer(815301076,1909f56bfc062723c751e8b465ee728b)  -> (artifact id: 'ed52af7eab1f4b5ee2b4c2a4b38011dc') in 0.033739 seconds
Number of updated asset objects reloaded before import = 0
Number of asset objects unloaded after import = 2
========================================================================
Received Import Request.
  Time since last request: 0.000015 seconds.
  path: Assets/Models/Materials/aerial_rocks_04_rough_4k.jpg
  artifactKey: Guid(c40451636dfcbcc4d98303e0cc482705) Importer(815301076,1909f56bfc062723c751e8b465ee728b)
Start importing Assets/Models/Materials/aerial_rocks_04_rough_4k.jpg using Guid(c40451636dfcbcc4d98303e0cc482705) Importer(815301076,1909f56bfc062723c751e8b465ee728b)  -> (artifact id: '83399f7e55d2321ee17af43d8461b694') in 0.028070 seconds
Number of updated asset objects reloaded before import = 0
Number of asset objects unloaded after import = 2
========================================================================
Received Import Request.
  Time since last request: 100.843974 seconds.
  path: Assets/Models/Materials/NewLayer 1.terrainlayer
  artifactKey: Guid(1a91320d7f24dfe4c8f984ecbafb8a83) Importer(815301076,1909f56bfc062723c751e8b465ee728b)
Start importing Assets/Models/Materials/NewLayer 1.terrainlayer using Guid(1a91320d7f24dfe4c8f984ecbafb8a83) Importer(815301076,1909f56bfc062723c751e8b465ee728b)  -> (artifact id: '417fe8bf8c088f6ac71c42451569b5c8') in 0.046330 seconds
Number of updated asset objects reloaded before import = 0
Number of asset objects unloaded after import = 4
========================================================================
Received Import Request.
  Time since last request: 0.000042 seconds.
  path: Assets/Models/Materials/NewLayer 4.terrainlayer
  artifactKey: Guid(11db334beab83bc43a913f3c6e29749e) Importer(815301076,1909f56bfc062723c751e8b465ee728b)
Start importing Assets/Models/Materials/NewLayer 4.terrainlayer using Guid(11db334beab83bc43a913f3c6e29749e) Importer(815301076,1909f56bfc062723c751e8b465ee728b)  -> (artifact id: '276b7a1d83407ffb035ddf4657564e79') in 0.028166 seconds
Number of updated asset objects reloaded before import = 0
Number of asset objects unloaded after import = 4
========================================================================
Received Import Request.
  Time since last request: 0.000022 seconds.
  path: Assets/Models/Materials/NewLayer 3.terrainlayer
  artifactKey: Guid(93e54a3d489076c428137a1457290e90) Importer(815301076,1909f56bfc062723c751e8b465ee728b)
Start importing Assets/Models/Materials/NewLayer 3.terrainlayer using Guid(93e54a3d489076c428137a1457290e90) Importer(815301076,1909f56bfc062723c751e8b465ee728b)  -> (artifact id: '037026ad8ad9aa61f35d20d65e7bcc3b') in 0.029333 seconds
Number of updated asset objects reloaded before import = 0
Number of asset objects unloaded after import = 4
========================================================================
Received Import Request.
  Time since last request: 0.000054 seconds.
  path: Assets/Models/Materials/NewLayer 2.terrainlayer
  artifactKey: Guid(3375b855757610a448f6e399ce9e2ce0) Importer(815301076,1909f56bfc062723c751e8b465ee728b)
Start importing Assets/Models/Materials/NewLayer 2.terrainlayer using Guid(3375b855757610a448f6e399ce9e2ce0) Importer(815301076,1909f56bfc062723c751e8b465ee728b)  -> (artifact id: 'c49a46d28e0c7e16a2295f47ea4b3f4f') in 0.028567 seconds
Number of updated asset objects reloaded before import = 0
Number of asset objects unloaded after import = 4
========================================================================
Received Import Request.
  Time since last request: 73.969302 seconds.
  path: Assets/New Terrain.asset
  artifactKey: Guid(a1300fea0addcba4ba71a60c7a4a70c8) Importer(815301076,1909f56bfc062723c751e8b465ee728b)
Start importing Assets/New Terrain.asset using Guid(a1300fea0addcba4ba71a60c7a4a70c8) Importer(815301076,1909f56bfc062723c751e8b465ee728b)  -> (artifact id: '57ac49e1164d93c5e478725fd4c03aa4') in 0.035345 seconds
Number of updated asset objects reloaded before import = 0
Number of asset objects unloaded after import = 4
========================================================================
Received Prepare
Begin MonoManager ReloadAssembly
- Loaded All Assemblies, in  0.436 seconds
Refreshing native plugins compatible for Editor in 3.18 ms, found 3 plugins.
Native extension for WindowsStandalone target not found
Native extension for WebGL target not found
Mono: successfully reloaded assembly
- Finished resetting the current domain, in  1.043 seconds
Domain Reload Profiling: 1477ms
	BeginReloadAssembly (165ms)
		ExecutionOrderSort (0ms)
		DisableScriptedObjects (5ms)
		BackupInstance (0ms)
		ReleaseScriptingObjects (0ms)
		CreateAndSetChildDomain (41ms)
	RebuildCommonClasses (38ms)
	RebuildNativeTypeToScriptingClass (9ms)
	initialDomainReloadingComplete (28ms)
	LoadAllAssembliesAndSetupDomain (194ms)
		LoadAssemblies (272ms)
		RebuildTransferFunctionScriptingTraits (0ms)
		AnalyzeDomain (9ms)
			TypeCache.Refresh (4ms)
				TypeCache.ScanAssembly (0ms)
			ScanForSourceGeneratedMonoScriptInfo (0ms)
			ResolveRequiredComponents (4ms)
	FinalizeReload (1044ms)
		ReleaseScriptCaches (0ms)
		RebuildScriptCaches (0ms)
		SetupLoadedEditorAssemblies (470ms)
			LogAssemblyErrors (0ms)
			InitializePlatformSupportModulesInManaged (9ms)
			SetLoadedEditorAssemblies (4ms)
			RefreshPlugins (0ms)
			BeforeProcessingInitializeOnLoad (63ms)
			ProcessInitializeOnLoadAttributes (356ms)
			ProcessInitializeOnLoadMethodAttributes (28ms)
			AfterProcessingInitializeOnLoad (9ms)
			EditorAssembliesLoaded (0ms)
		ExecutionOrderSort2 (0ms)
		AwakeInstancesAfterBackupRestoration (11ms)
Refreshing native plugins compatible for Editor in 5.67 ms, found 3 plugins.
Preloading 0 native plugins for Editor in 0.00 ms.
Unloading 3124 Unused Serialized files (Serialized files now loaded: 0)
Unloading 24 unused Assets / (31.0 KB). Loaded Objects now: 3667.
Memory consumption went from 142.2 MB to 142.2 MB.
Total: 5.072600 ms (FindLiveObjects: 0.451800 ms CreateObjectMapping: 0.201400 ms MarkObjects: 4.353900 ms  DeleteObjects: 0.064000 ms)

Prepare: number of updated asset objects reloaded= 0
AssetImportParameters requested are different than current active one (requested -> active):
  custom:container-demuxer-ogg: 62fdf1f143b41e24485cea50d1cbac27 -> 
  custom:video-codec-MediaFoundation-h265: 746d11721c4dcdbdad8f713fa42b33f4 -> 
  custom:video-decoder-ogg-theora: a1e56fd34408186e4bbccfd4996cb3dc -> 
  custom:framework-win-MediaFoundation: 216162199b28c13a410421893ffa2e32 -> 
  custom:CustomObjectIndexerAttribute: 756ad292c208cfabdd7b50bc23989ffe -> 
  custom:container-demuxer-webm: 4f35f7cbe854078d1ac9338744f61a02 -> 
  custom:container-muxer-webm: aa71ff27fc2769a1b78a27578f13a17b -> 
  custom:video-decoder-webm-vp8: 9c59270c3fd7afecdb556c50c9e8de78 -> 
  custom:SearchIndexIgnoredProperties: e643bd26f0fe6173181afceb89e7c659 -> 
  custom:AudioImporter_EditorPlatform: d09bf68614088b80899f8185d706f6e7 -> 
  custom:video-encoder-webm-vp8: eb34c28f22e8b96e1ab97ce403110664 -> 
  custom:audio-decoder-ogg-vorbis: bf7c407c2cedff20999df2af8eb42d56 -> 
  custom:audio-encoder-webm-vorbis: bf7c407c2cedff20999df2af8eb42d56 -> 
