Using pre-set license
Built from '2022.3/staging' branch; Version is '2022.3.14f1 (eff2de9070d8) revision 15725278'; Using compiler version '192829333'; Build Type 'Release'
OS: 'Windows 11  (10.0.22631) 64bit Professional' Language: 'uk' Physical Memory: 32049 MB
BatchMode: 1, IsHumanControllingUs: 0, StartBugReporterOnCrash: 0, Is64bit: 1, IsPro: 1

COMMAND LINE ARGUMENTS:
C:\Program Files\Unity\Hub\Editor\2022.3.14f1\Editor\Unity.exe
-adb2
-batchMode
-noUpm
-name
AssetImportWorker0
-projectPath
C:/Users/astor/SharkyShark
-logFile
Logs/AssetImportWorker0.log
-srvPort
63471
Successfully changed project path to: C:/Users/astor/SharkyShark
C:/Users/astor/SharkyShark
[UnityMemory] Configuration Parameters - Can be set up in boot.config
    "memorysetup-bucket-allocator-granularity=16"
    "memorysetup-bucket-allocator-bucket-count=8"
    "memorysetup-bucket-allocator-block-size=33554432"
    "memorysetup-bucket-allocator-block-count=8"
    "memorysetup-main-allocator-block-size=16777216"
    "memorysetup-thread-allocator-block-size=16777216"
    "memorysetup-gfx-main-allocator-block-size=16777216"
    "memorysetup-gfx-thread-allocator-block-size=16777216"
    "memorysetup-cache-allocator-block-size=4194304"
    "memorysetup-typetree-allocator-block-size=2097152"
    "memorysetup-profiler-bucket-allocator-granularity=16"
    "memorysetup-profiler-bucket-allocator-bucket-count=8"
    "memorysetup-profiler-bucket-allocator-block-size=33554432"
    "memorysetup-profiler-bucket-allocator-block-count=8"
    "memorysetup-profiler-allocator-block-size=16777216"
    "memorysetup-profiler-editor-allocator-block-size=1048576"
    "memorysetup-temp-allocator-size-main=16777216"
    "memorysetup-job-temp-allocator-block-size=2097152"
    "memorysetup-job-temp-allocator-block-size-background=1048576"
    "memorysetup-job-temp-allocator-reduction-small-platforms=262144"
    "memorysetup-allocator-temp-initial-block-size-main=262144"
    "memorysetup-allocator-temp-initial-block-size-worker=262144"
    "memorysetup-temp-allocator-size-background-worker=32768"
    "memorysetup-temp-allocator-size-job-worker=262144"
    "memorysetup-temp-allocator-size-preload-manager=33554432"
    "memorysetup-temp-allocator-size-nav-mesh-worker=65536"
    "memorysetup-temp-allocator-size-audio-worker=65536"
    "memorysetup-temp-allocator-size-cloud-worker=32768"
    "memorysetup-temp-allocator-size-gi-baking-worker=262144"
    "memorysetup-temp-allocator-size-gfx=262144"
Player connection [16696] Host "[IP] 192.168.0.100 [Port] 0 [Flags] 2 [Guid] 1213113207 [EditorId] 1213113207 [Version] 1048832 [Id] WindowsEditor(7,AStorroPyacolla) [Debug] 1 [PackageName] WindowsEditor [ProjectName] Editor" joined multi-casting on [225.0.0.222:54997]...

Player connection [16696] Host "[IP] 192.168.0.100 [Port] 0 [Flags] 2 [Guid] 1213113207 [EditorId] 1213113207 [Version] 1048832 [Id] WindowsEditor(7,AStorroPyacolla) [Debug] 1 [PackageName] WindowsEditor [ProjectName] Editor" joined alternative multi-casting on [225.0.0.222:34997]...

[Physics::Module] Initialized MultithreadedJobDispatcher with 11 workers.
Refreshing native plugins compatible for Editor in 14.69 ms, found 3 plugins.
Preloading 0 native plugins for Editor in 0.00 ms.
Initialize engine version: 2022.3.14f1 (eff2de9070d8)
[Subsystems] Discovering subsystems at path C:/Program Files/Unity/Hub/Editor/2022.3.14f1/Editor/Data/Resources/UnitySubsystems
[Subsystems] Discovering subsystems at path C:/Users/astor/SharkyShark/Assets
GfxDevice: creating device client; threaded=0; jobified=0
Direct3D:
    Version:  Direct3D 11.0 [level 11.1]
    Renderer: NVIDIA GeForce GTX 1650 (ID=0x1f82)
    Vendor:   NVIDIA
    VRAM:     3937 MB
    Driver:   32.0.15.7602
Initialize mono
Mono path[0] = 'C:/Program Files/Unity/Hub/Editor/2022.3.14f1/Editor/Data/Managed'
Mono path[1] = 'C:/Program Files/Unity/Hub/Editor/2022.3.14f1/Editor/Data/MonoBleedingEdge/lib/mono/unityjit-win32'
Mono config path = 'C:/Program Files/Unity/Hub/Editor/2022.3.14f1/Editor/Data/MonoBleedingEdge/etc'
Using monoOptions --debugger-agent=transport=dt_socket,embedding=1,server=y,suspend=n,address=127.0.0.1:56376
Begin MonoManager ReloadAssembly
Registering precompiled unity dll's ...
Register platform support module: C:/Program Files/Unity/Hub/Editor/2022.3.14f1/Editor/Data/PlaybackEngines/WebGLSupport/UnityEditor.WebGL.Extensions.dll
Register platform support module: C:/Program Files/Unity/Hub/Editor/2022.3.14f1/Editor/Data/PlaybackEngines/WindowsStandaloneSupport/UnityEditor.WindowsStandalone.Extensions.dll
Registered in 0.010794 seconds.
- Loaded All Assemblies, in  0.447 seconds
Native extension for WindowsStandalone target not found
Native extension for WebGL target not found
Mono: successfully reloaded assembly
- Finished resetting the current domain, in  0.314 seconds
Domain Reload Profiling: 759ms
	BeginReloadAssembly (132ms)
		ExecutionOrderSort (0ms)
		DisableScriptedObjects (0ms)
		BackupInstance (0ms)
		ReleaseScriptingObjects (0ms)
		CreateAndSetChildDomain (1ms)
	RebuildCommonClasses (41ms)
	RebuildNativeTypeToScriptingClass (12ms)
	initialDomainReloadingComplete (80ms)
	LoadAllAssembliesAndSetupDomain (180ms)
		LoadAssemblies (129ms)
		RebuildTransferFunctionScriptingTraits (0ms)
		AnalyzeDomain (177ms)
			TypeCache.Refresh (175ms)
				TypeCache.ScanAssembly (156ms)
			ScanForSourceGeneratedMonoScriptInfo (0ms)
			ResolveRequiredComponents (1ms)
	FinalizeReload (314ms)
		ReleaseScriptCaches (0ms)
		RebuildScriptCaches (0ms)
		SetupLoadedEditorAssemblies (246ms)
			LogAssemblyErrors (0ms)
			InitializePlatformSupportModulesInManaged (12ms)
			SetLoadedEditorAssemblies (5ms)
			RefreshPlugins (0ms)
			BeforeProcessingInitializeOnLoad (2ms)
			ProcessInitializeOnLoadAttributes (163ms)
			ProcessInitializeOnLoadMethodAttributes (64ms)
			AfterProcessingInitializeOnLoad (0ms)
			EditorAssembliesLoaded (0ms)
		ExecutionOrderSort2 (0ms)
		AwakeInstancesAfterBackupRestoration (0ms)
========================================================================
Worker process is ready to serve import requests
Begin MonoManager ReloadAssembly
- Loaded All Assemblies, in  0.733 seconds
Refreshing native plugins compatible for Editor in 5.01 ms, found 3 plugins.
Native extension for WindowsStandalone target not found
Native extension for WebGL target not found
Mono: successfully reloaded assembly
- Finished resetting the current domain, in  0.630 seconds
Domain Reload Profiling: 1359ms
	BeginReloadAssembly (193ms)
		ExecutionOrderSort (0ms)
		DisableScriptedObjects (8ms)
		BackupInstance (0ms)
		ReleaseScriptingObjects (0ms)
		CreateAndSetChildDomain (34ms)
	RebuildCommonClasses (39ms)
	RebuildNativeTypeToScriptingClass (10ms)
	initialDomainReloadingComplete (47ms)
	LoadAllAssembliesAndSetupDomain (439ms)
		LoadAssemblies (351ms)
		RebuildTransferFunctionScriptingTraits (0ms)
		AnalyzeDomain (197ms)
			TypeCache.Refresh (173ms)
				TypeCache.ScanAssembly (155ms)
			ScanForSourceGeneratedMonoScriptInfo (18ms)
			ResolveRequiredComponents (4ms)
	FinalizeReload (630ms)
		ReleaseScriptCaches (0ms)
		RebuildScriptCaches (0ms)
		SetupLoadedEditorAssemblies (460ms)
			LogAssemblyErrors (0ms)
			InitializePlatformSupportModulesInManaged (8ms)
			SetLoadedEditorAssemblies (4ms)
			RefreshPlugins (0ms)
			BeforeProcessingInitializeOnLoad (68ms)
			ProcessInitializeOnLoadAttributes (349ms)
			ProcessInitializeOnLoadMethodAttributes (23ms)
			AfterProcessingInitializeOnLoad (8ms)
			EditorAssembliesLoaded (0ms)
		ExecutionOrderSort2 (0ms)
		AwakeInstancesAfterBackupRestoration (9ms)
Launched and connected shader compiler UnityShaderCompiler.exe after 0.10 seconds
Refreshing native plugins compatible for Editor in 9.77 ms, found 3 plugins.
Preloading 0 native plugins for Editor in 0.00 ms.
Unloading 3132 Unused Serialized files (Serialized files now loaded: 0)
Unloading 33 unused Assets / (57.1 KB). Loaded Objects now: 3611.
Memory consumption went from 132.7 MB to 132.6 MB.
Total: 7.257400 ms (FindLiveObjects: 0.803000 ms CreateObjectMapping: 0.278000 ms MarkObjects: 6.048000 ms  DeleteObjects: 0.127500 ms)

AssetImportParameters requested are different than current active one (requested -> active):
  custom:container-demuxer-ogg: 62fdf1f143b41e24485cea50d1cbac27 -> 
  custom:video-codec-MediaFoundation-h265: 746d11721c4dcdbdad8f713fa42b33f4 -> 
  custom:video-decoder-ogg-theora: a1e56fd34408186e4bbccfd4996cb3dc -> 
  custom:framework-win-MediaFoundation: 216162199b28c13a410421893ffa2e32 -> 
  custom:CustomObjectIndexerAttribute: 756ad292c208cfabdd7b50bc23989ffe -> 
  custom:container-demuxer-webm: 4f35f7cbe854078d1ac9338744f61a02 -> 
  custom:container-muxer-webm: aa71ff27fc2769a1b78a27578f13a17b -> 
  custom:video-decoder-webm-vp8: 9c59270c3fd7afecdb556c50c9e8de78 -> 
  custom:SearchIndexIgnoredProperties: e643bd26f0fe6173181afceb89e7c659 -> 
  custom:AudioImporter_EditorPlatform: d09bf68614088b80899f8185d706f6e7 -> 
  custom:video-encoder-webm-vp8: eb34c28f22e8b96e1ab97ce403110664 -> 
  custom:audio-decoder-ogg-vorbis: bf7c407c2cedff20999df2af8eb42d56 -> 
  custom:audio-encoder-webm-vorbis: bf7c407c2cedff20999df2af8eb42d56 -> 
========================================================================
Received Import Request.
  Time since last request: 358358.177584 seconds.
  path: Assets/Models/VERTOLET 1.fbx
  artifactKey: Guid(9cccb35922ba1834ba220c768e4f5f2e) Importer(815301076,1909f56bfc062723c751e8b465ee728b)
Start importing Assets/Models/VERTOLET 1.fbx using Guid(9cccb35922ba1834ba220c768e4f5f2e) Importer(815301076,1909f56bfc062723c751e8b465ee728b)  -> (artifact id: 'f682c14a9a83a86c65684687ad621ec9') in 0.199446 seconds
Number of updated asset objects reloaded before import = 0
Number of asset objects unloaded after import = 12
========================================================================
Received Import Request.
  Time since last request: 21.889190 seconds.
  path: Assets/Models/VERTOLET 1.fbx
  artifactKey: Guid(9cccb35922ba1834ba220c768e4f5f2e) Importer(815301076,1909f56bfc062723c751e8b465ee728b)
Start importing Assets/Models/VERTOLET 1.fbx using Guid(9cccb35922ba1834ba220c768e4f5f2e) Importer(815301076,1909f56bfc062723c751e8b465ee728b)  -> (artifact id: '059858dd2d1266fb99e45182285de41e') in 0.041257 seconds
Number of updated asset objects reloaded before import = 0
Number of asset objects unloaded after import = 12
========================================================================
Received Import Request.
  Time since last request: 5.168899 seconds.
  path: Assets/Models/VERTOLET 1.fbx
  artifactKey: Guid(9cccb35922ba1834ba220c768e4f5f2e) Importer(815301076,1909f56bfc062723c751e8b465ee728b)
Start importing Assets/Models/VERTOLET 1.fbx using Guid(9cccb35922ba1834ba220c768e4f5f2e) Importer(815301076,1909f56bfc062723c751e8b465ee728b)  -> (artifact id: '8fe9b0e32a2ec6d718c1168b76e659f9') in 0.069478 seconds
Number of updated asset objects reloaded before import = 0
Number of asset objects unloaded after import = 12
========================================================================
Received Import Request.
  Time since last request: 186.493828 seconds.
  path: Assets/Models/VERTOLET 1.fbx
  artifactKey: Guid(9cccb35922ba1834ba220c768e4f5f2e) Importer(815301076,1909f56bfc062723c751e8b465ee728b)
Start importing Assets/Models/VERTOLET 1.fbx using Guid(9cccb35922ba1834ba220c768e4f5f2e) Importer(815301076,1909f56bfc062723c751e8b465ee728b)  -> (artifact id: '5c094c7dda33cda3494710ef18b5c605') in 0.050904 seconds
Number of updated asset objects reloaded before import = 0
Number of asset objects unloaded after import = 12
========================================================================
Received Import Request.
  Time since last request: 24.983235 seconds.
  path: Assets/Models/VERTOLET 1.fbx
  artifactKey: Guid(9cccb35922ba1834ba220c768e4f5f2e) Importer(815301076,1909f56bfc062723c751e8b465ee728b)
Start importing Assets/Models/VERTOLET 1.fbx using Guid(9cccb35922ba1834ba220c768e4f5f2e) Importer(815301076,1909f56bfc062723c751e8b465ee728b)  -> (artifact id: '86bb3071cbfd670cc386e90bafa0267b') in 0.060988 seconds
Number of updated asset objects reloaded before import = 0
Number of asset objects unloaded after import = 12
========================================================================
Received Import Request.
  Time since last request: 18.614394 seconds.
  path: Assets/Models/VERTOLET 1.fbx
  artifactKey: Guid(9cccb35922ba1834ba220c768e4f5f2e) Importer(815301076,1909f56bfc062723c751e8b465ee728b)
Start importing Assets/Models/VERTOLET 1.fbx using Guid(9cccb35922ba1834ba220c768e4f5f2e) Importer(815301076,1909f56bfc062723c751e8b465ee728b)  -> (artifact id: 'd83cc73e0cf2fa50102e90df7af68b24') in 0.036020 seconds
Number of updated asset objects reloaded before import = 0
Number of asset objects unloaded after import = 12
========================================================================
Received Import Request.
  Time since last request: 3.616868 seconds.
  path: Assets/Models/VERTOLET 1.fbx
  artifactKey: Guid(9cccb35922ba1834ba220c768e4f5f2e) Importer(815301076,1909f56bfc062723c751e8b465ee728b)
Start importing Assets/Models/VERTOLET 1.fbx using Guid(9cccb35922ba1834ba220c768e4f5f2e) Importer(815301076,1909f56bfc062723c751e8b465ee728b)  -> (artifact id: '7fdd908e4bba42716c7c1bd59bedf7d5') in 0.039913 seconds
Number of updated asset objects reloaded before import = 0
Number of asset objects unloaded after import = 12
========================================================================
Received Import Request.
  Time since last request: 285.048814 seconds.
  path: Assets/Models/VERTOLET(2).fbx
  artifactKey: Guid(fbb8d3d17480ab941bd9bc7ab47cdc38) Importer(815301076,1909f56bfc062723c751e8b465ee728b)
Start importing Assets/Models/VERTOLET(2).fbx using Guid(fbb8d3d17480ab941bd9bc7ab47cdc38) Importer(815301076,1909f56bfc062723c751e8b465ee728b)  -> (artifact id: '8c9a8f8b7975008c938ec296877dd972') in 0.065118 seconds
Number of updated asset objects reloaded before import = 0
Number of asset objects unloaded after import = 12
========================================================================
Received Import Request.
  Time since last request: 128.939086 seconds.
  path: Assets/Models/VERTOLET(2).fbx
  artifactKey: Guid(fbb8d3d17480ab941bd9bc7ab47cdc38) Importer(815301076,1909f56bfc062723c751e8b465ee728b)
Start importing Assets/Models/VERTOLET(2).fbx using Guid(fbb8d3d17480ab941bd9bc7ab47cdc38) Importer(815301076,1909f56bfc062723c751e8b465ee728b)  -> (artifact id: 'dc4f8bd99e9732ac950435b93ec4e1fa') in 0.058984 seconds
Number of updated asset objects reloaded before import = 0
Number of asset objects unloaded after import = 12
========================================================================
Received Import Request.
  Time since last request: 278.363862 seconds.
  path: Assets/Models/VERTOLET(2).fbx
  artifactKey: Guid(fbb8d3d17480ab941bd9bc7ab47cdc38) Importer(815301076,1909f56bfc062723c751e8b465ee728b)
Start importing Assets/Models/VERTOLET(2).fbx using Guid(fbb8d3d17480ab941bd9bc7ab47cdc38) Importer(815301076,1909f56bfc062723c751e8b465ee728b)  -> (artifact id: 'c611814eeb138b27ca21e6f4540a2b39') in 0.040011 seconds
Number of updated asset objects reloaded before import = 0
Number of asset objects unloaded after import = 12
========================================================================
Received Import Request.
  Time since last request: 8.132656 seconds.
  path: Assets/Models/Materials/Material.001.mat
  artifactKey: Guid(9317c9115d3c0454f891a6d25ca62902) Importer(815301076,1909f56bfc062723c751e8b465ee728b)
Start importing Assets/Models/Materials/Material.001.mat using Guid(9317c9115d3c0454f891a6d25ca62902) Importer(815301076,1909f56bfc062723c751e8b465ee728b)  -> (artifact id: 'cf02c4808a89bba270675fb7fe9aae6d') in 0.027665 seconds
Number of updated asset objects reloaded before import = 0
Number of asset objects unloaded after import = 1
========================================================================
Received Import Request.
  Time since last request: 0.022688 seconds.
  path: Assets/Models/Materials/Material.003.mat
  artifactKey: Guid(a0aff4ea427cb5347869701c6ef9d674) Importer(815301076,1909f56bfc062723c751e8b465ee728b)
Start importing Assets/Models/Materials/Material.003.mat using Guid(a0aff4ea427cb5347869701c6ef9d674) Importer(815301076,1909f56bfc062723c751e8b465ee728b)  -> (artifact id: 'a9cfc66c5d3e53b1a53501f55fa92f21') in 0.029968 seconds
Number of updated asset objects reloaded before import = 0
Number of asset objects unloaded after import = 1
========================================================================
Received Import Request.
  Time since last request: 0.000020 seconds.
  path: Assets/Models/Materials/Material.003 1.mat
  artifactKey: Guid(cba52addad9c0f2418ff438aa495a150) Importer(815301076,1909f56bfc062723c751e8b465ee728b)
Start importing Assets/Models/Materials/Material.003 1.mat using Guid(cba52addad9c0f2418ff438aa495a150) Importer(815301076,1909f56bfc062723c751e8b465ee728b)  -> (artifact id: '4604c61a4d9caf36240dc7146a0e5fbc') in 0.019631 seconds
Number of updated asset objects reloaded before import = 0
Number of asset objects unloaded after import = 1
========================================================================
Received Import Request.
  Time since last request: 0.000018 seconds.
  path: Assets/Models/Materials/Material.002.mat
  artifactKey: Guid(fb705905b5656a64eb11420058a99a13) Importer(815301076,1909f56bfc062723c751e8b465ee728b)
Start importing Assets/Models/Materials/Material.002.mat using Guid(fb705905b5656a64eb11420058a99a13) Importer(815301076,1909f56bfc062723c751e8b465ee728b)  -> (artifact id: '45dd78f36c3b173fc58ae73717885776') in 0.029735 seconds
Number of updated asset objects reloaded before import = 0
Number of asset objects unloaded after import = 1
========================================================================
Received Import Request.
  Time since last request: 1.890083 seconds.
  path: Assets/Models/Materials/Material.005.mat
  artifactKey: Guid(1dcccd9f7a2017f4cb3375dd2af7a644) Importer(815301076,1909f56bfc062723c751e8b465ee728b)
Start importing Assets/Models/Materials/Material.005.mat using Guid(1dcccd9f7a2017f4cb3375dd2af7a644) Importer(815301076,1909f56bfc062723c751e8b465ee728b)  -> (artifact id: '3a084544ea47007db322b734965bd204') in 0.036285 seconds
Number of updated asset objects reloaded before import = 0
Number of asset objects unloaded after import = 1
========================================================================
Received Import Request.
  Time since last request: 12.473838 seconds.
  path: Assets/Models/VERTOLET(2).fbx
  artifactKey: Guid(fbb8d3d17480ab941bd9bc7ab47cdc38) Importer(815301076,1909f56bfc062723c751e8b465ee728b)
Start importing Assets/Models/VERTOLET(2).fbx using Guid(fbb8d3d17480ab941bd9bc7ab47cdc38) Importer(815301076,1909f56bfc062723c751e8b465ee728b)  -> (artifact id: '732b8a9a4c4c4cbbb1f935444828f385') in 0.020711 seconds
Number of updated asset objects reloaded before import = 0
Number of asset objects unloaded after import = 12
========================================================================
Received Import Request.
  Time since last request: 7.277300 seconds.
  path: Assets/Models/VERTOLET(2).fbx
  artifactKey: Guid(fbb8d3d17480ab941bd9bc7ab47cdc38) Importer(815301076,1909f56bfc062723c751e8b465ee728b)
Start importing Assets/Models/VERTOLET(2).fbx using Guid(fbb8d3d17480ab941bd9bc7ab47cdc38) Importer(815301076,1909f56bfc062723c751e8b465ee728b)  -> (artifact id: 'ea46e85b249294e8893fca150100ecb8') in 0.034982 seconds
Number of updated asset objects reloaded before import = 0
Number of asset objects unloaded after import = 12
========================================================================
Received Prepare
Begin MonoManager ReloadAssembly
- Loaded All Assemblies, in  0.490 seconds
Refreshing native plugins compatible for Editor in 5.54 ms, found 3 plugins.
Native extension for WindowsStandalone target not found
Native extension for WebGL target not found
Mono: successfully reloaded assembly
- Finished resetting the current domain, in  1.003 seconds
Domain Reload Profiling: 1491ms
	BeginReloadAssembly (193ms)
		ExecutionOrderSort (0ms)
		DisableScriptedObjects (5ms)
		BackupInstance (0ms)
		ReleaseScriptingObjects (0ms)
		CreateAndSetChildDomain (60ms)
	RebuildCommonClasses (33ms)
	RebuildNativeTypeToScriptingClass (9ms)
	initialDomainReloadingComplete (32ms)
	LoadAllAssembliesAndSetupDomain (220ms)
		LoadAssemblies (300ms)
		RebuildTransferFunctionScriptingTraits (0ms)
		AnalyzeDomain (12ms)
			TypeCache.Refresh (7ms)
				TypeCache.ScanAssembly (0ms)
			ScanForSourceGeneratedMonoScriptInfo (0ms)
			ResolveRequiredComponents (4ms)
	FinalizeReload (1003ms)
		ReleaseScriptCaches (0ms)
		RebuildScriptCaches (0ms)
		SetupLoadedEditorAssemblies (423ms)
			LogAssemblyErrors (0ms)
			InitializePlatformSupportModulesInManaged (10ms)
			SetLoadedEditorAssemblies (4ms)
			RefreshPlugins (0ms)
			BeforeProcessingInitializeOnLoad (75ms)
			ProcessInitializeOnLoadAttributes (300ms)
			ProcessInitializeOnLoadMethodAttributes (25ms)
			AfterProcessingInitializeOnLoad (9ms)
			EditorAssembliesLoaded (0ms)
		ExecutionOrderSort2 (0ms)
		AwakeInstancesAfterBackupRestoration (9ms)
Refreshing native plugins compatible for Editor in 11.63 ms, found 3 plugins.
Preloading 0 native plugins for Editor in 0.00 ms.
Unloading 3124 Unused Serialized files (Serialized files now loaded: 0)
Unloading 24 unused Assets / (31.0 KB). Loaded Objects now: 3658.
Memory consumption went from 138.3 MB to 138.2 MB.
Total: 9.676400 ms (FindLiveObjects: 0.496300 ms CreateObjectMapping: 0.569500 ms MarkObjects: 8.413400 ms  DeleteObjects: 0.179300 ms)

Prepare: number of updated asset objects reloaded= 0
AssetImportParameters requested are different than current active one (requested -> active):
  custom:container-demuxer-ogg: 62fdf1f143b41e24485cea50d1cbac27 -> 
  custom:video-codec-MediaFoundation-h265: 746d11721c4dcdbdad8f713fa42b33f4 -> 
  custom:video-decoder-ogg-theora: a1e56fd34408186e4bbccfd4996cb3dc -> 
  custom:framework-win-MediaFoundation: 216162199b28c13a410421893ffa2e32 -> 
  custom:CustomObjectIndexerAttribute: 756ad292c208cfabdd7b50bc23989ffe -> 
  custom:container-demuxer-webm: 4f35f7cbe854078d1ac9338744f61a02 -> 
  custom:container-muxer-webm: aa71ff27fc2769a1b78a27578f13a17b -> 
  custom:video-decoder-webm-vp8: 9c59270c3fd7afecdb556c50c9e8de78 -> 
  custom:SearchIndexIgnoredProperties: e643bd26f0fe6173181afceb89e7c659 -> 
  custom:AudioImporter_EditorPlatform: d09bf68614088b80899f8185d706f6e7 -> 
  custom:video-encoder-webm-vp8: eb34c28f22e8b96e1ab97ce403110664 -> 
  custom:audio-decoder-ogg-vorbis: bf7c407c2cedff20999df2af8eb42d56 -> 
  custom:audio-encoder-webm-vorbis: bf7c407c2cedff20999df2af8eb42d56 -> 
========================================================================
Received Import Request.
  Time since last request: 2208.382213 seconds.
  path: Assets/Models/Materials/rocky_terrain_02_disp_4k.png
  artifactKey: Guid(eddb51b77188e2f4a89a3916cc54f749) Importer(815301076,1909f56bfc062723c751e8b465ee728b)
Start importing Assets/Models/Materials/rocky_terrain_02_disp_4k.png using Guid(eddb51b77188e2f4a89a3916cc54f749) Importer(815301076,1909f56bfc062723c751e8b465ee728b)  -> (artifact id: '727e504961b399e6b9a0b1faf34c7bb4') in 0.112930 seconds
Number of updated asset objects reloaded before import = 0
Number of asset objects unloaded after import = 2
Editor requested this worker to shutdown with reason: Scaling down because of idle timeout
TcpMessagingSession - receive error: operation aborted. errorcode: 995, details: The I/O operation has been aborted because of either a thread exit or an application request.
AssetImportWorker is now disconnected from the server
Process exiting
Exiting without the bug reporter. Application will terminate with return code 0